配列に入れたArray
配列に入れたArray
配列に入れてるArray
配列に入れてるArray
配列に入れてるArray
配列に入れてるArray
配列に入れてるArray
配列に入れたArray
配列に入れてるArray
配列に入れてるArray
配列に入れてるArray
配列に入れてるArray
配列に入れてるArray
'配列に入れたArray
''配列に入れてるArray
''配列に入れてるArray
''配列に入れてるArray
''配列に入れてるArray
''配列に入れてるArray
''配列に入れたArray
'配列に入れてる
'Array
'配列に入れてる
'Array
'配列に入れてる
'Array
'配列に入れてる
'Array
'配列に入れてる
'Array
'配列に入れた
'Array
'配列に入れてる
array (
  'liked_post_id' => '1',
  0 => '1',
)配列に入れてる
array (
  'liked_post_id' => '2',
  0 => '2',
)配列に入れてる
array (
  'liked_post_id' => '3',
  0 => '3',
)配列に入れてる
array (
  'liked_post_id' => '8',
  0 => '8',
)配列に入れてる
array (
  'liked_post_id' => '4',
  0 => '4',
)配列に入れた
array (
  0 => 
  array (
    'liked_post_id' => '1',
    0 => '1',
  ),
  1 => 
  array (
    'liked_post_id' => '2',
    0 => '2',
  ),
  2 => 
  array (
    'liked_post_id' => '3',
    0 => '3',
  ),
  3 => 
  array (
    'liked_post_id' => '8',
    0 => '8',
  ),
  4 => 
  array (
    'liked_post_id' => '4',
    0 => '4',
  ),
)配列に入れてる
array (
  'liked_post_id' => '1',
  0 => '1',
)配列に入れてる
array (
  'liked_post_id' => '2',
  0 => '2',
)配列に入れてる
array (
  'liked_post_id' => '3',
  0 => '3',
)配列に入れてる
array (
  'liked_post_id' => '8',
  0 => '8',
)配列に入れてる
array (
  'liked_post_id' => '4',
  0 => '4',
)配列に入れた
array (
  0 => 
  array (
    'liked_post_id' => '1',
    0 => '1',
  ),
  1 => 
  array (
    'liked_post_id' => '2',
    0 => '2',
  ),
  2 => 
  array (
    'liked_post_id' => '3',
    0 => '3',
  ),
  3 => 
  array (
    'liked_post_id' => '8',
    0 => '8',
  ),
  4 => 
  array (
    'liked_post_id' => '4',
    0 => '4',
  ),
)配列に入れてる
array (
  'liked_post_id' => '1',
  0 => '1',
)配列に入れてる
array (
  'liked_post_id' => '2',
  0 => '2',
)配列に入れてる
array (
  'liked_post_id' => '3',
  0 => '3',
)配列に入れてる
array (
  'liked_post_id' => '8',
  0 => '8',
)配列に入れてる
array (
  'liked_post_id' => '4',
  0 => '4',
)配列に入れた
array (
  0 => 
  array (
    'liked_post_id' => '1',
    0 => '1',
  ),
  1 => 
  array (
    'liked_post_id' => '2',
    0 => '2',
  ),
  2 => 
  array (
    'liked_post_id' => '3',
    0 => '3',
  ),
  3 => 
  array (
    'liked_post_id' => '8',
    0 => '8',
  ),
  4 => 
  array (
    'liked_post_id' => '4',
    0 => '4',
  ),
)配列に入れてる
array (
  'liked_post_id' => '1',
  0 => '1',
)配列に入れてる
array (
  'liked_post_id' => '2',
  0 => '2',
)配列に入れてる
array (
  'liked_post_id' => '3',
  0 => '3',
)配列に入れてる
array (
  'liked_post_id' => '8',
  0 => '8',
)配列に入れてる
array (
  'liked_post_id' => '4',
  0 => '4',
)配列に入れた
array (
  0 => 
  array (
    'liked_post_id' => '1',
    0 => '1',
  ),
  1 => 
  array (
    'liked_post_id' => '2',
    0 => '2',
  ),
  2 => 
  array (
    'liked_post_id' => '3',
    0 => '3',
  ),
  3 => 
  array (
    'liked_post_id' => '8',
    0 => '8',
  ),
  4 => 
  array (
    'liked_post_id' => '4',
    0 => '4',
  ),
)配列に入れてる
array (
  'liked_post_id' => '1',
  0 => '1',
)配列に入れてる
array (
  'liked_post_id' => '2',
  0 => '2',
)配列に入れてる
array (
  'liked_post_id' => '3',
  0 => '3',
)配列に入れてる
array (
  'liked_post_id' => '8',
  0 => '8',
)配列に入れてる
array (
  'liked_post_id' => '4',
  0 => '4',
)配列に入れた
array (
  0 => 
  array (
    'liked_post_id' => '1',
    0 => '1',
  ),
  1 => 
  array (
    'liked_post_id' => '2',
    0 => '2',
  ),
  2 => 
  array (
    'liked_post_id' => '3',
    0 => '3',
  ),
  3 => 
  array (
    'liked_post_id' => '8',
    0 => '8',
  ),
  4 => 
  array (
    'liked_post_id' => '4',
    0 => '4',
  ),
)配列に入れてる
array (
  'liked_post_id' => '1',
  0 => '1',
)配列に入れてる
array (
  'liked_post_id' => '2',
  0 => '2',
)配列に入れてる
array (
  'liked_post_id' => '3',
  0 => '3',
)配列に入れてる
array (
  'liked_post_id' => '8',
  0 => '8',
)配列に入れてる
array (
  'liked_post_id' => '4',
  0 => '4',
)配列に入れた
array (
  0 => 
  array (
    'liked_post_id' => '1',
    0 => '1',
  ),
  1 => 
  array (
    'liked_post_id' => '2',
    0 => '2',
  ),
  2 => 
  array (
    'liked_post_id' => '3',
    0 => '3',
  ),
  3 => 
  array (
    'liked_post_id' => '8',
    0 => '8',
  ),
  4 => 
  array (
    'liked_post_id' => '4',
    0 => '4',
  ),
)配列に入れてる
array (
  'liked_post_id' => '1',
  0 => '1',
)配列に入れてる
array (
  'liked_post_id' => '2',
  0 => '2',
)配列に入れてる
array (
  'liked_post_id' => '3',
  0 => '3',
)配列に入れてる
array (
  'liked_post_id' => '8',
  0 => '8',
)配列に入れてる
array (
  'liked_post_id' => '4',
  0 => '4',
)配列に入れた
array (
  0 => 
  array (
    'liked_post_id' => '1',
    0 => '1',
  ),
  1 => 
  array (
    'liked_post_id' => '2',
    0 => '2',
  ),
  2 => 
  array (
    'liked_post_id' => '3',
    0 => '3',
  ),
  3 => 
  array (
    'liked_post_id' => '8',
    0 => '8',
  ),
  4 => 
  array (
    'liked_post_id' => '4',
    0 => '4',
  ),
)配列に入れてる
array (
  'liked_post_id' => '1',
  0 => '1',
)配列に入れてる
array (
  'liked_post_id' => '2',
  0 => '2',
)配列に入れてる
array (
  'liked_post_id' => '3',
  0 => '3',
)配列に入れてる
array (
  'liked_post_id' => '8',
  0 => '8',
)配列に入れてる
array (
  'liked_post_id' => '4',
  0 => '4',
)配列に入れた
array (
  0 => 
  array (
    'liked_post_id' => '1',
    0 => '1',
  ),
  1 => 
  array (
    'liked_post_id' => '2',
    0 => '2',
  ),
  2 => 
  array (
    'liked_post_id' => '3',
    0 => '3',
  ),
  3 => 
  array (
    'liked_post_id' => '8',
    0 => '8',
  ),
  4 => 
  array (
    'liked_post_id' => '4',
    0 => '4',
  ),
)配列に入れてる
array (
  'liked_post_id' => '1',
  0 => '1',
)配列に入れてる
array (
  'liked_post_id' => '2',
  0 => '2',
)配列に入れてる
array (
  'liked_post_id' => '3',
  0 => '3',
)配列に入れてる
array (
  'liked_post_id' => '8',
  0 => '8',
)配列に入れてる
array (
  'liked_post_id' => '4',
  0 => '4',
)配列に入れた
array (
  0 => 
  array (
    'liked_post_id' => '1',
    0 => '1',
  ),
  1 => 
  array (
    'liked_post_id' => '2',
    0 => '2',
  ),
  2 => 
  array (
    'liked_post_id' => '3',
    0 => '3',
  ),
  3 => 
  array (
    'liked_post_id' => '8',
    0 => '8',
  ),
  4 => 
  array (
    'liked_post_id' => '4',
    0 => '4',
  ),
)配列に入れてる
array (
  'liked_post_id' => '1',
  0 => '1',
)配列に入れてる
array (
  'liked_post_id' => '2',
  0 => '2',
)配列に入れてる
array (
  'liked_post_id' => '3',
  0 => '3',
)配列に入れてる
array (
  'liked_post_id' => '8',
  0 => '8',
)配列に入れてる
array (
  'liked_post_id' => '4',
  0 => '4',
)配列に入れた
array (
  0 => 
  array (
    'liked_post_id' => '1',
    0 => '1',
  ),
  1 => 
  array (
    'liked_post_id' => '2',
    0 => '2',
  ),
  2 => 
  array (
    'liked_post_id' => '3',
    0 => '3',
  ),
  3 => 
  array (
    'liked_post_id' => '8',
    0 => '8',
  ),
  4 => 
  array (
    'liked_post_id' => '4',
    0 => '4',
  ),
)配列に入れてる
array (
  'liked_post_id' => '1',
  0 => '1',
)配列に入れてる
array (
  'liked_post_id' => '2',
  0 => '2',
)配列に入れてる
array (
  'liked_post_id' => '3',
  0 => '3',
)配列に入れてる
array (
  'liked_post_id' => '8',
  0 => '8',
)配列に入れてる
array (
  'liked_post_id' => '4',
  0 => '4',
)配列に入れた
array (
  0 => 
  array (
    'liked_post_id' => '1',
    0 => '1',
  ),
  1 => 
  array (
    'liked_post_id' => '2',
    0 => '2',
  ),
  2 => 
  array (
    'liked_post_id' => '3',
    0 => '3',
  ),
  3 => 
  array (
    'liked_post_id' => '8',
    0 => '8',
  ),
  4 => 
  array (
    'liked_post_id' => '4',
    0 => '4',
  ),
)配列に入れてる
array (
  'liked_post_id' => '1',
  0 => '1',
)配列に入れてる
array (
  'liked_post_id' => '2',
  0 => '2',
)配列に入れてる
array (
  'liked_post_id' => '3',
  0 => '3',
)配列に入れてる
array (
  'liked_post_id' => '8',
  0 => '8',
)配列に入れてる
array (
  'liked_post_id' => '4',
  0 => '4',
)配列に入れた
array (
  0 => 
  array (
    'liked_post_id' => '1',
    0 => '1',
  ),
  1 => 
  array (
    'liked_post_id' => '2',
    0 => '2',
  ),
  2 => 
  array (
    'liked_post_id' => '3',
    0 => '3',
  ),
  3 => 
  array (
    'liked_post_id' => '8',
    0 => '8',
  ),
  4 => 
  array (
    'liked_post_id' => '4',
    0 => '4',
  ),
)配列に入れてる
array (
  'liked_post_id' => '1',
  0 => '1',
)配列に入れてる
array (
  'liked_post_id' => '2',
  0 => '2',
)配列に入れてる
array (
  'liked_post_id' => '3',
  0 => '3',
)配列に入れてる
array (
  'liked_post_id' => '8',
  0 => '8',
)配列に入れてる
array (
  'liked_post_id' => '4',
  0 => '4',
)配列に入れた
array (
  0 => 
  array (
    'liked_post_id' => '1',
    0 => '1',
  ),
  1 => 
  array (
    'liked_post_id' => '2',
    0 => '2',
  ),
  2 => 
  array (
    'liked_post_id' => '3',
    0 => '3',
  ),
  3 => 
  array (
    'liked_post_id' => '8',
    0 => '8',
  ),
  4 => 
  array (
    'liked_post_id' => '4',
    0 => '4',
  ),
)配列に入れてる
array (
  'liked_post_id' => '1',
  0 => '1',
)配列に入れてる
array (
  'liked_post_id' => '2',
  0 => '2',
)配列に入れてる
array (
  'liked_post_id' => '3',
  0 => '3',
)配列に入れてる
array (
  'liked_post_id' => '8',
  0 => '8',
)配列に入れてる
array (
  'liked_post_id' => '4',
  0 => '4',
)配列に入れた
array (
  0 => 
  array (
    'liked_post_id' => '1',
    0 => '1',
  ),
  1 => 
  array (
    'liked_post_id' => '2',
    0 => '2',
  ),
  2 => 
  array (
    'liked_post_id' => '3',
    0 => '3',
  ),
  3 => 
  array (
    'liked_post_id' => '8',
    0 => '8',
  ),
  4 => 
  array (
    'liked_post_id' => '4',
    0 => '4',
  ),
)配列に入れてる
array (
  'liked_post_id' => '1',
  0 => '1',
)配列に入れてる
array (
  'liked_post_id' => '2',
  0 => '2',
)配列に入れてる
array (
  'liked_post_id' => '3',
  0 => '3',
)配列に入れてる
array (
  'liked_post_id' => '4',
  0 => '4',
)配列に入れた
array (
  0 => 
  array (
    'liked_post_id' => '1',
    0 => '1',
  ),
  1 => 
  array (
    'liked_post_id' => '2',
    0 => '2',
  ),
  2 => 
  array (
    'liked_post_id' => '3',
    0 => '3',
  ),
  3 => 
  array (
    'liked_post_id' => '4',
    0 => '4',
  ),
)配列に入れてる
array (
  'liked_post_id' => '1',
  0 => '1',
)配列に入れてる
array (
  'liked_post_id' => '2',
  0 => '2',
)配列に入れてる
array (
  'liked_post_id' => '3',
  0 => '3',
)配列に入れてる
array (
  'liked_post_id' => '4',
  0 => '4',
)配列に入れた
array (
  0 => 
  array (
    'liked_post_id' => '1',
    0 => '1',
  ),
  1 => 
  array (
    'liked_post_id' => '2',
    0 => '2',
  ),
  2 => 
  array (
    'liked_post_id' => '3',
    0 => '3',
  ),
  3 => 
  array (
    'liked_post_id' => '4',
    0 => '4',
  ),
)配列に入れてる
array (
  'liked_post_id' => '1',
  0 => '1',
)配列に入れてる
array (
  'liked_post_id' => '2',
  0 => '2',
)配列に入れてる
array (
  'liked_post_id' => '3',
  0 => '3',
)配列に入れてる
array (
  'liked_post_id' => '4',
  0 => '4',
)配列に入れた
array (
  0 => 
  array (
    'liked_post_id' => '1',
    0 => '1',
  ),
  1 => 
  array (
    'liked_post_id' => '2',
    0 => '2',
  ),
  2 => 
  array (
    'liked_post_id' => '3',
    0 => '3',
  ),
  3 => 
  array (
    'liked_post_id' => '4',
    0 => '4',
  ),
)配列に入れてる
array (
  'liked_post_id' => '1',
  0 => '1',
)配列に入れてる
array (
  'liked_post_id' => '2',
  0 => '2',
)配列に入れてる
array (
  'liked_post_id' => '3',
  0 => '3',
)配列に入れてる
array (
  'liked_post_id' => '4',
  0 => '4',
)配列に入れた
array (
  0 => 
  array (
    'liked_post_id' => '1',
    0 => '1',
  ),
  1 => 
  array (
    'liked_post_id' => '2',
    0 => '2',
  ),
  2 => 
  array (
    'liked_post_id' => '3',
    0 => '3',
  ),
  3 => 
  array (
    'liked_post_id' => '4',
    0 => '4',
  ),
)配列に入れてる
array (
  'liked_post_id' => '1',
  0 => '1',
)配列に入れてる
array (
  'liked_post_id' => '2',
  0 => '2',
)配列に入れてる
array (
  'liked_post_id' => '3',
  0 => '3',
)配列に入れた
array (
  0 => 
  array (
    'liked_post_id' => '1',
    0 => '1',
  ),
  1 => 
  array (
    'liked_post_id' => '2',
    0 => '2',
  ),
  2 => 
  array (
    'liked_post_id' => '3',
    0 => '3',
  ),
)配列に入れてる
array (
  'liked_post_id' => '1',
  0 => '1',
)配列に入れてる
array (
  'liked_post_id' => '2',
  0 => '2',
)配列に入れてる
array (
  'liked_post_id' => '3',
  0 => '3',
)配列に入れた
array (
  0 => 
  array (
    'liked_post_id' => '1',
    0 => '1',
  ),
  1 => 
  array (
    'liked_post_id' => '2',
    0 => '2',
  ),
  2 => 
  array (
    'liked_post_id' => '3',
    0 => '3',
  ),
)配列に入れてる
array (
  'liked_post_id' => '1',
  0 => '1',
)配列に入れてる
array (
  'liked_post_id' => '2',
  0 => '2',
)配列に入れてる
array (
  'liked_post_id' => '3',
  0 => '3',
)配列に入れた
array (
  0 => 
  array (
    'liked_post_id' => '1',
    0 => '1',
  ),
  1 => 
  array (
    'liked_post_id' => '2',
    0 => '2',
  ),
  2 => 
  array (
    'liked_post_id' => '3',
    0 => '3',
  ),
)配列に入れてる
array (
  'liked_post_id' => '1',
  0 => '1',
)配列に入れてる
array (
  'liked_post_id' => '2',
  0 => '2',
)配列に入れてる
array (
  'liked_post_id' => '3',
  0 => '3',
)配列に入れた
array (
  0 => 
  array (
    'liked_post_id' => '1',
    0 => '1',
  ),
  1 => 
  array (
    'liked_post_id' => '2',
    0 => '2',
  ),
  2 => 
  array (
    'liked_post_id' => '3',
    0 => '3',
  ),
)配列に入れてる
array (
  'liked_post_id' => '1',
  0 => '1',
)配列に入れてる
array (
  'liked_post_id' => '2',
  0 => '2',
)配列に入れてる
array (
  'liked_post_id' => '3',
  0 => '3',
)配列に入れた
array (
  0 => 
  array (
    'liked_post_id' => '1',
    0 => '1',
  ),
  1 => 
  array (
    'liked_post_id' => '2',
    0 => '2',
  ),
  2 => 
  array (
    'liked_post_id' => '3',
    0 => '3',
  ),
)配列に入れてる
array (
  'liked_post_id' => '1',
  0 => '1',
)配列に入れてる
array (
  'liked_post_id' => '2',
  0 => '2',
)配列に入れてる
array (
  'liked_post_id' => '3',
  0 => '3',
)配列に入れた
array (
  0 => 
  array (
    'liked_post_id' => '1',
    0 => '1',
  ),
  1 => 
  array (
    'liked_post_id' => '2',
    0 => '2',
  ),
  2 => 
  array (
    'liked_post_id' => '3',
    0 => '3',
  ),
)配列に入れてる
array (
  'liked_post_id' => '2',
  0 => '2',
)配列に入れてる
array (
  'liked_post_id' => '3',
  0 => '3',
)配列に入れた
array (
  0 => 
  array (
    'liked_post_id' => '2',
    0 => '2',
  ),
  1 => 
  array (
    'liked_post_id' => '3',
    0 => '3',
  ),
)配列に入れてる
array (
  'liked_post_id' => '1',
  0 => '1',
)配列に入れた
array (
  0 => 
  array (
    'liked_post_id' => '1',
    0 => '1',
  ),
)配列に入れてる
array (
  'liked_post_id' => '2',
  0 => '2',
)配列に入れてる
array (
  'liked_post_id' => '3',
  0 => '3',
)配列に入れた
array (
  0 => 
  array (
    'liked_post_id' => '2',
    0 => '2',
  ),
  1 => 
  array (
    'liked_post_id' => '3',
    0 => '3',
  ),
)配列に入れてる
array (
  'liked_post_id' => '2',
  0 => '2',
)配列に入れてる
array (
  'liked_post_id' => '3',
  0 => '3',
)配列に入れた
array (
  0 => 
  array (
    'liked_post_id' => '2',
    0 => '2',
  ),
  1 => 
  array (
    'liked_post_id' => '3',
    0 => '3',
  ),
)配列に入れてる
array (
  'liked_post_id' => '2',
  0 => '2',
)配列に入れてる
array (
  'liked_post_id' => '3',
  0 => '3',
)配列に入れた
array (
  0 => 
  array (
    'liked_post_id' => '2',
    0 => '2',
  ),
  1 => 
  array (
    'liked_post_id' => '3',
    0 => '3',
  ),
)配列に入れてる
array (
  'liked_post_id' => '2',
  0 => '2',
)配列に入れてる
array (
  'liked_post_id' => '3',
  0 => '3',
)配列に入れた
array (
  0 => 
  array (
    'liked_post_id' => '2',
    0 => '2',
  ),
  1 => 
  array (
    'liked_post_id' => '3',
    0 => '3',
  ),
)配列に入れてる
array (
  'liked_post_id' => '2',
  0 => '2',
)配列に入れてる
array (
  'liked_post_id' => '3',
  0 => '3',
)配列に入れた
array (
  0 => 
  array (
    'liked_post_id' => '2',
    0 => '2',
  ),
  1 => 
  array (
    'liked_post_id' => '3',
    0 => '3',
  ),
)配列に入れてる
array (
  'liked_post_id' => '2',
  0 => '2',
)配列に入れてる
array (
  'liked_post_id' => '3',
  0 => '3',
)配列に入れてる
array (
  'liked_post_id' => '1',
  0 => '1',
)配列に入れた
array (
  0 => 
  array (
    'liked_post_id' => '2',
    0 => '2',
  ),
  1 => 
  array (
    'liked_post_id' => '3',
    0 => '3',
  ),
  2 => 
  array (
    'liked_post_id' => '1',
    0 => '1',
  ),
)配列に入れてる
array (
  'liked_post_id' => '2',
  0 => '2',
)配列に入れてる
array (
  'liked_post_id' => '3',
  0 => '3',
)配列に入れてる
array (
  'liked_post_id' => '1',
  0 => '1',
)配列に入れた
array (
  0 => 
  array (
    'liked_post_id' => '2',
    0 => '2',
  ),
  1 => 
  array (
    'liked_post_id' => '3',
    0 => '3',
  ),
  2 => 
  array (
    'liked_post_id' => '1',
    0 => '1',
  ),
)配列に入れてる
array (
  'liked_post_id' => '2',
  0 => '2',
)配列に入れてる
array (
  'liked_post_id' => '3',
  0 => '3',
)配列に入れてる
array (
  'liked_post_id' => '1',
  0 => '1',
)配列に入れた
array (
  0 => 
  array (
    'liked_post_id' => '2',
    0 => '2',
  ),
  1 => 
  array (
    'liked_post_id' => '3',
    0 => '3',
  ),
  2 => 
  array (
    'liked_post_id' => '1',
    0 => '1',
  ),
)配列に入れてる
array (
  'liked_post_id' => '2',
  0 => '2',
)配列に入れてる
array (
  'liked_post_id' => '3',
  0 => '3',
)配列に入れてる
array (
  'liked_post_id' => '1',
  0 => '1',
)配列に入れた
array (
  0 => 
  array (
    'liked_post_id' => '2',
    0 => '2',
  ),
  1 => 
  array (
    'liked_post_id' => '3',
    0 => '3',
  ),
  2 => 
  array (
    'liked_post_id' => '1',
    0 => '1',
  ),
)配列に入れてる
array (
  'liked_post_id' => '2',
  0 => '2',
)配列に入れてる
array (
  'liked_post_id' => '3',
  0 => '3',
)配列に入れてる
array (
  'liked_post_id' => '1',
  0 => '1',
)配列に入れた
array (
  0 => 
  array (
    'liked_post_id' => '2',
    0 => '2',
  ),
  1 => 
  array (
    'liked_post_id' => '3',
    0 => '3',
  ),
  2 => 
  array (
    'liked_post_id' => '1',
    0 => '1',
  ),
)配列に入れてる
array (
  'liked_post_id' => '2',
  0 => '2',
)配列に入れてる
array (
  'liked_post_id' => '3',
  0 => '3',
)配列に入れてる
array (
  'liked_post_id' => '1',
  0 => '1',
)配列に入れた
array (
  0 => 
  array (
    'liked_post_id' => '2',
    0 => '2',
  ),
  1 => 
  array (
    'liked_post_id' => '3',
    0 => '3',
  ),
  2 => 
  array (
    'liked_post_id' => '1',
    0 => '1',
  ),
)配列に入れてる
array (
  'liked_post_id' => '2',
  0 => '2',
)配列に入れてる
array (
  'liked_post_id' => '3',
  0 => '3',
)配列に入れてる
array (
  'liked_post_id' => '1',
  0 => '1',
)配列に入れた
array (
  0 => 
  array (
    'liked_post_id' => '2',
    0 => '2',
  ),
  1 => 
  array (
    'liked_post_id' => '3',
    0 => '3',
  ),
  2 => 
  array (
    'liked_post_id' => '1',
    0 => '1',
  ),
)配列に入れてる
array (
  'liked_post_id' => '2',
  0 => '2',
)配列に入れてる
array (
  'liked_post_id' => '3',
  0 => '3',
)配列に入れてる
array (
  'liked_post_id' => '1',
  0 => '1',
)配列に入れた
array (
  0 => 
  array (
    'liked_post_id' => '2',
    0 => '2',
  ),
  1 => 
  array (
    'liked_post_id' => '3',
    0 => '3',
  ),
  2 => 
  array (
    'liked_post_id' => '1',
    0 => '1',
  ),
)配列に入れてる
array (
  'liked_post_id' => '2',
  0 => '2',
)配列に入れてる
array (
  'liked_post_id' => '3',
  0 => '3',
)配列に入れてる
array (
  'liked_post_id' => '1',
  0 => '1',
)配列に入れた
array (
  0 => 
  array (
    'liked_post_id' => '2',
    0 => '2',
  ),
  1 => 
  array (
    'liked_post_id' => '3',
    0 => '3',
  ),
  2 => 
  array (
    'liked_post_id' => '1',
    0 => '1',
  ),
)配列に入れてる
array (
  'liked_post_id' => '2',
  0 => '2',
)配列に入れてる
array (
  'liked_post_id' => '3',
  0 => '3',
)配列に入れた
array (
  0 => 
  array (
    'liked_post_id' => '2',
    0 => '2',
  ),
  1 => 
  array (
    'liked_post_id' => '3',
    0 => '3',
  ),
)配列に入れてる
array (
  'liked_post_id' => '2',
  0 => '2',
)配列に入れてる
array (
  'liked_post_id' => '3',
  0 => '3',
)配列に入れた
array (
  0 => 
  array (
    'liked_post_id' => '2',
    0 => '2',
  ),
  1 => 
  array (
    'liked_post_id' => '3',
    0 => '3',
  ),
)配列に入れてる
array (
  'liked_post_id' => '2',
  0 => '2',
)配列に入れてる
array (
  'liked_post_id' => '3',
  0 => '3',
)配列に入れた
array (
  0 => 
  array (
    'liked_post_id' => '2',
    0 => '2',
  ),
  1 => 
  array (
    'liked_post_id' => '3',
    0 => '3',
  ),
)配列に入れてる
array (
  'liked_post_id' => '2',
  0 => '2',
)配列に入れてる
array (
  'liked_post_id' => '3',
  0 => '3',
)配列に入れた
array (
  0 => 
  array (
    'liked_post_id' => '2',
    0 => '2',
  ),
  1 => 
  array (
    'liked_post_id' => '3',
    0 => '3',
  ),
)配列に入れてる
array (
  'liked_post_id' => '2',
  0 => '2',
)配列に入れてる
array (
  'liked_post_id' => '3',
  0 => '3',
)配列に入れた
array (
  0 => 
  array (
    'liked_post_id' => '2',
    0 => '2',
  ),
  1 => 
  array (
    'liked_post_id' => '3',
    0 => '3',
  ),
)配列に入れてる
array (
  'liked_post_id' => '2',
  0 => '2',
)配列に入れてる
array (
  'liked_post_id' => '3',
  0 => '3',
)配列に入れた
array (
  0 => 
  array (
    'liked_post_id' => '2',
    0 => '2',
  ),
  1 => 
  array (
    'liked_post_id' => '3',
    0 => '3',
  ),
)配列に入れてる
array (
  'liked_post_id' => '2',
  0 => '2',
)配列に入れてる
array (
  'liked_post_id' => '3',
  0 => '3',
)配列に入れた
array (
  0 => 
  array (
    'liked_post_id' => '2',
    0 => '2',
  ),
  1 => 
  array (
    'liked_post_id' => '3',
    0 => '3',
  ),
)配列に入れてる
array (
  'liked_post_id' => '2',
  0 => '2',
)配列に入れてる
array (
  'liked_post_id' => '3',
  0 => '3',
)配列に入れてる
array (
  'liked_post_id' => '1',
  0 => '1',
)配列に入れた
array (
  0 => 
  array (
    'liked_post_id' => '2',
    0 => '2',
  ),
  1 => 
  array (
    'liked_post_id' => '3',
    0 => '3',
  ),
  2 => 
  array (
    'liked_post_id' => '1',
    0 => '1',
  ),
)配列に入れてる
array (
  'liked_post_id' => '2',
  0 => '2',
)配列に入れてる
array (
  'liked_post_id' => '3',
  0 => '3',
)配列に入れてる
array (
  'liked_post_id' => '1',
  0 => '1',
)配列に入れた
array (
  0 => 
  array (
    'liked_post_id' => '2',
    0 => '2',
  ),
  1 => 
  array (
    'liked_post_id' => '3',
    0 => '3',
  ),
  2 => 
  array (
    'liked_post_id' => '1',
    0 => '1',
  ),
)配列に入れてる
array (
  'liked_post_id' => '2',
  0 => '2',
)配列に入れてる
array (
  'liked_post_id' => '3',
  0 => '3',
)配列に入れてる
array (
  'liked_post_id' => '1',
  0 => '1',
)配列に入れた
array (
  0 => 
  array (
    'liked_post_id' => '2',
    0 => '2',
  ),
  1 => 
  array (
    'liked_post_id' => '3',
    0 => '3',
  ),
  2 => 
  array (
    'liked_post_id' => '1',
    0 => '1',
  ),
)配列に入れてる
array (
  'liked_post_id' => '2',
  0 => '2',
)配列に入れてる
array (
  'liked_post_id' => '3',
  0 => '3',
)配列に入れてる
array (
  'liked_post_id' => '1',
  0 => '1',
)配列に入れた
array (
  0 => 
  array (
    'liked_post_id' => '2',
    0 => '2',
  ),
  1 => 
  array (
    'liked_post_id' => '3',
    0 => '3',
  ),
  2 => 
  array (
    'liked_post_id' => '1',
    0 => '1',
  ),
)配列に入れてる
array (
  'liked_post_id' => '2',
  0 => '2',
)配列に入れてる
array (
  'liked_post_id' => '3',
  0 => '3',
)配列に入れてる
array (
  'liked_post_id' => '1',
  0 => '1',
)配列に入れた
array (
  0 => 
  array (
    'liked_post_id' => '2',
    0 => '2',
  ),
  1 => 
  array (
    'liked_post_id' => '3',
    0 => '3',
  ),
  2 => 
  array (
    'liked_post_id' => '1',
    0 => '1',
  ),
)配列に入れてる
array (
  'liked_post_id' => '2',
  0 => '2',
)配列に入れてる
array (
  'liked_post_id' => '3',
  0 => '3',
)配列に入れた
array (
  0 => 
  array (
    'liked_post_id' => '2',
    0 => '2',
  ),
  1 => 
  array (
    'liked_post_id' => '3',
    0 => '3',
  ),
)配列に入れてる
array (
  'liked_post_id' => '2',
  0 => '2',
)配列に入れてる
array (
  'liked_post_id' => '3',
  0 => '3',
)配列に入れた
array (
  0 => 
  array (
    'liked_post_id' => '2',
    0 => '2',
  ),
  1 => 
  array (
    'liked_post_id' => '3',
    0 => '3',
  ),
)配列に入れてる
array (
  'liked_post_id' => '2',
  0 => '2',
)配列に入れてる
array (
  'liked_post_id' => '3',
  0 => '3',
)配列に入れた
array (
  0 => 
  array (
    'liked_post_id' => '2',
    0 => '2',
  ),
  1 => 
  array (
    'liked_post_id' => '3',
    0 => '3',
  ),
)配列に入れてる
array (
  'liked_post_id' => '2',
  0 => '2',
)配列に入れてる
array (
  'liked_post_id' => '3',
  0 => '3',
)配列に入れた
array (
  0 => 
  array (
    'liked_post_id' => '2',
    0 => '2',
  ),
  1 => 
  array (
    'liked_post_id' => '3',
    0 => '3',
  ),
)配列に入れてる
array (
  'liked_post_id' => '2',
  0 => '2',
)配列に入れてる
array (
  'liked_post_id' => '3',
  0 => '3',
)配列に入れた
array (
  0 => 
  array (
    'liked_post_id' => '2',
    0 => '2',
  ),
  1 => 
  array (
    'liked_post_id' => '3',
    0 => '3',
  ),
)