Array
(
    [res] => 27
)
Array
(
)
Array
(
    [res] => 27
)
Array
(
)
Array
(
    [res] => 27
)
Array
(
)
Array
(
    [res] => 27
)
Array
(
)
Array
(
)
Array
(
)
Array
(
)
Array
(
)
Array
(
)
Array
(
)
Array
(
)
Array
(
)
Array
(
)
Array
(
)
Array
(
)
Array
(
)
Array
(
)
Array
(
)
Array
(
)
Array
(
)
Array
(
)
Array
(
)
Array
(
)
Array
(
)
Array
(
)
Array
(
)
Array
(
)
Array
(
)
Array
(
)
Array
(
)
Array
(
)
Array
(
)
Array
(
)
Array
(
)
Array
(
)
Array
(
)
Array
(
    [page] => 2
)
Array
(
    [page] => 3
)
Array
(
    [page] => 4
)
Array
(
    [page] => 5
)
Array
(
    [page] => 4
)
Array
(
)
Array
(
    [res] => 32
)
Array
(
)
Array
(
    [page] => 2
)
Array
(
    [page] => 3
)
Array
(
    [page] => 4
)
Array
(
    [page] => 5
)
Array
(
    [page] => 4
)
Array
(
)
