PDOする
$postsのforeach
id1: 1/id2: 33
id1: 2/id2: 33
id1: 3/id2: 33
id1: 8/id2: 33
id1: 4/id2: 33
$postsのforeach
$postsのforeach
$postsのforeach
$postsのforeach
PDOする
$postsのforeach
id1: 1/id2: 33
id1: 2/id2: 33
id1: 3/id2: 33
id1: 8/id2: 33
id1: 4/id2: 33
$postsのforeach
$postsのforeach
$postsのforeach
$postsのforeach
PDOする
$postsのforeach
$postsのforeach
$postsのforeach
$postsのforeach
$postsのforeach
PDOする
$postsのforeach
$postsのforeach
$postsのforeach
$postsのforeach
$postsのforeach
PDOする
$postsのforeach
$postsのforeach
$postsのforeach
$postsのforeach
$postsのforeach
PDOする
$postsのforeach
$postsのforeach
$postsのforeach
$postsのforeach
$postsのforeach
PDOする
$postsのforeach
$postsのforeach
$postsのforeach
$postsのforeach
$postsのforeach
PDOする
$postsのforeach
$postsのforeach
$postsのforeach
$postsのforeach
$postsのforeach
PDOする
$postsのforeach
$postsのforeach
$postsのforeach
$postsのforeach
$postsのforeach
PDOする
$postsのforeach
$postsのforeach
$postsのforeach
$postsのforeach
$postsのforeach
PDOする
$postsのforeach
$postsのforeach
$postsのforeach
$postsのforeach
$postsのforeach
PDOする
$postsのforeach
2つめforeach 1
2つめforeach 2
2つめforeach 3
2つめforeach 8
2つめforeach 4
$postsのforeach
2つめforeach 1
2つめforeach 2
2つめforeach 3
2つめforeach 8
2つめforeach 4
$postsのforeach
2つめforeach 1
2つめforeach 2
2つめforeach 3
2つめforeach 8
2つめforeach 4
$postsのforeach
2つめforeach 1
2つめforeach 2
2つめforeach 3
2つめforeach 8
2つめforeach 4
$postsのforeach
2つめforeach 1
2つめforeach 2
2つめforeach 3
2つめforeach 8
2つめforeach 4
PDOする
$postsのforeach
2つめforeach 1:33
2つめforeach 2:33
2つめforeach 3:33
2つめforeach 8:33
2つめforeach 4:33
$postsのforeach
2つめforeach 1:32
2つめforeach 2:32
2つめforeach 3:32
2つめforeach 8:32
2つめforeach 4:32
$postsのforeach
2つめforeach 1:31
2つめforeach 2:31
2つめforeach 3:31
2つめforeach 8:31
2つめforeach 4:31
$postsのforeach
2つめforeach 1:30
2つめforeach 2:30
2つめforeach 3:30
2つめforeach 8:30
2つめforeach 4:30
$postsのforeach
2つめforeach 1:29
2つめforeach 2:29
2つめforeach 3:29
2つめforeach 8:29
2つめforeach 4:29
PDOする
$postsのforeach
2つめforeach 1:28
2つめforeach 2:28
2つめforeach 3:28
2つめforeach 8:28
2つめforeach 4:28
$postsのforeach
2つめforeach 1:27
2つめforeach 2:27
2つめforeach 3:27
2つめforeach 8:27
2つめforeach 4:27
$postsのforeach
2つめforeach 1:26
2つめforeach 2:26
2つめforeach 3:26
2つめforeach 8:26
2つめforeach 4:26
$postsのforeach
2つめforeach 1:25
2つめforeach 2:25
2つめforeach 3:25
2つめforeach 8:25
2つめforeach 4:25
$postsのforeach
2つめforeach 1:24
2つめforeach 2:24
2つめforeach 3:24
2つめforeach 8:24
2つめforeach 4:24
PDOする
$postsのforeach
2つめforeach 1:23
2つめforeach 2:23
2つめforeach 3:23
2つめforeach 8:23
2つめforeach 4:23
$postsのforeach
2つめforeach 1:22
2つめforeach 2:22
2つめforeach 3:22
2つめforeach 8:22
2つめforeach 4:22
$postsのforeach
2つめforeach 1:19
2つめforeach 2:19
2つめforeach 3:19
2つめforeach 8:19
2つめforeach 4:19
$postsのforeach
2つめforeach 1:18
2つめforeach 2:18
2つめforeach 3:18
2つめforeach 8:18
2つめforeach 4:18
$postsのforeach
2つめforeach 1:17
2つめforeach 2:17
2つめforeach 3:17
2つめforeach 8:17
2つめforeach 4:17
PDOする
$postsのforeach
2つめforeach 1:16
2つめforeach 2:16
2つめforeach 3:16
2つめforeach 8:16
2つめforeach 4:16
$postsのforeach
2つめforeach 1:15
2つめforeach 2:15
2つめforeach 3:15
2つめforeach 8:15
2つめforeach 4:15
$postsのforeach
2つめforeach 1:14
2つめforeach 2:14
2つめforeach 3:14
2つめforeach 8:14
2つめforeach 4:14
$postsのforeach
2つめforeach 1:13
2つめforeach 2:13
2つめforeach 3:13
2つめforeach 8:13
2つめforeach 4:13
$postsのforeach
2つめforeach 1:12
2つめforeach 2:12
2つめforeach 3:12
2つめforeach 8:12
2つめforeach 4:12
PDOする
$postsのforeach
2つめforeach 1:11
2つめforeach 2:11
2つめforeach 3:11
2つめforeach 8:11
2つめforeach 4:11
$postsのforeach
2つめforeach 1:10
2つめforeach 2:10
2つめforeach 3:10
2つめforeach 8:10
2つめforeach 4:10
$postsのforeach
2つめforeach 1:9
2つめforeach 2:9
2つめforeach 3:9
2つめforeach 8:9
2つめforeach 4:9
$postsのforeach
2つめforeach 1:8
2つめforeach 2:8
2つめforeach 3:8
2つめforeach 8:8
match_id1: 8/id2: 8
$postsのforeach
2つめforeach 1:4
2つめforeach 2:4
2つめforeach 3:4
2つめforeach 8:4
2つめforeach 4:4
match_id1: 4/id2: 4
PDOする
$postsのforeach
2つめforeach 1:3
2つめforeach 2:3
2つめforeach 3:3
match_id1: 3/id2: 3
$postsのforeach
2つめforeach 1:2
2つめforeach 2:2
match_id1: 2/id2: 2
$postsのforeach
2つめforeach 1:1
match_id1: 1/id2: 1
PDOする
$postsのforeach
2つめforeach 1:11
2つめforeach 2:11
2つめforeach 3:11
2つめforeach 8:11
2つめforeach 4:11
$postsのforeach
2つめforeach 1:10
2つめforeach 2:10
2つめforeach 3:10
2つめforeach 8:10
2つめforeach 4:10
$postsのforeach
2つめforeach 1:9
2つめforeach 2:9
2つめforeach 3:9
2つめforeach 8:9
2つめforeach 4:9
$postsのforeach
2つめforeach 1:8
2つめforeach 2:8
2つめforeach 3:8
2つめforeach 8:8
match_id1: 8/id2: 8
$postsのforeach
2つめforeach 1:4
2つめforeach 2:4
2つめforeach 3:4
2つめforeach 8:4
2つめforeach 4:4
match_id1: 4/id2: 4
PDOする
$postsのforeach
2つめforeach 1:3
2つめforeach 2:3
2つめforeach 3:3
match_id1: 3/id2: 3
$postsのforeach
2つめforeach 1:2
2つめforeach 2:2
match_id1: 2/id2: 2
$postsのforeach
2つめforeach 1:1
match_id1: 1/id2: 1
PDOする
$postsのforeach
$postsのforeach
$postsのforeach
PDOする
$postsのforeach
$postsのforeach
$postsのforeach
$postsのforeach
$postsのforeach
PDOする
$postsのforeach
$postsのforeach
$postsのforeach
$postsのforeach
$postsのforeach
PDOする
$postsのforeach
$postsのforeach
$postsのforeach
PDOする
$postsのforeach
$postsのforeach
$postsのforeach
$postsのforeach
$postsのforeach
PDOする
$postsのforeach
$postsのforeach
$postsのforeach
$postsのforeach
$postsのforeach
PDOする
$postsのforeach
$postsのforeach
$postsのforeach
$postsのforeach
$postsのforeach
PDOする
$postsのforeach
$postsのforeach
$postsのforeach
$postsのforeach
$postsのforeach
PDOする
$postsのforeach
$postsのforeach
$postsのforeach
$postsのforeach
$postsのforeach
PDOする
$postsのforeach
$postsのforeach
$postsのforeach
$postsのforeach
$postsのforeach
PDOする
$postsのforeach
$postsのforeach
$postsのforeach
PDOする
$postsのforeach
$postsのforeach
$postsのforeach
$postsのforeach
$postsのforeach
PDOする
$postsのforeach
$postsのforeach
$postsのforeach
$postsのforeach
$postsのforeach
PDOする
$postsのforeach
$postsのforeach
$postsのforeach
$postsのforeach
$postsのforeach
PDOする
$postsのforeach
$postsのforeach
$postsのforeach
PDOする
$postsのforeach
$postsのforeach
$postsのforeach
PDOする
$postsのforeach
$postsのforeach
$postsのforeach
$postsのforeach
$postsのforeach
PDOする
$postsのforeach
$postsのforeach
$postsのforeach
PDOする
$postsのforeach
$postsのforeach
$postsのforeach
$postsのforeach
$postsのforeach
PDOする
$postsのforeach
$postsのforeach
$postsのforeach
$postsのforeach
$postsのforeach
PDOする
$postsのforeach
$postsのforeach
$postsのforeach
$postsのforeach
$postsのforeach
PDOする
$postsのforeach
$postsのforeach
$postsのforeach
$postsのforeach
$postsのforeach
PDOする
$postsのforeach
$postsのforeach
$postsのforeach
$postsのforeach
$postsのforeach
PDOする
$postsのforeach
$postsのforeach
$postsのforeach
PDOする
$postsのforeach
$postsのforeach
$postsのforeach
PDOする
$postsのforeach
$postsのforeach
$postsのforeach
PDOする
$postsのforeach
$postsのforeach
$postsのforeach
PDOする
$postsのforeach
$postsのforeach
$postsのforeach
$postsのforeach
$postsのforeach
PDOする
$postsのforeach
$postsのforeach
$postsのforeach
$postsのforeach
$postsのforeach
PDOする
$postsのforeach
$postsのforeach
$postsのforeach
$postsのforeach
$postsのforeach
PDOする
$postsのforeach
$postsのforeach
$postsのforeach
PDOする
$postsのforeach
$postsのforeach
$postsのforeach
$postsのforeach
$postsのforeach
PDOする
$postsのforeach
$postsのforeach
$postsのforeach
PDOする
$postsのforeach
$postsのforeach
$postsのforeach
PDOする
$postsのforeach
$postsのforeach
$postsのforeach
$postsのforeach
$postsのforeach
PDOする
$postsのforeach
$postsのforeach
$postsのforeach
$postsのforeach
$postsのforeach
PDOする
$postsのforeach
$postsのforeach
$postsのforeach
$postsのforeach
$postsのforeach
PDOする
$postsのforeach
$postsのforeach
$postsのforeach
PDOする
$postsのforeach
$postsのforeach
$postsのforeach
PDOする
$postsのforeach
$postsのforeach
$postsのforeach
$postsのforeach
$postsのforeach
PDOする
$postsのforeach
$postsのforeach
$postsのforeach
$postsのforeach
$postsのforeach
PDOする
$postsのforeach
$postsのforeach
$postsのforeach
$postsのforeach
$postsのforeach
PDOする
$postsのforeach
$postsのforeach
$postsのforeach
PDOする
$postsのforeach
$postsのforeach
$postsのforeach
